<?xml version="1.0" encoding="UTF-8"?>
<!-- Generated by org.testng.reporters.JUnitXMLReporter -->
<testsuite hostname="MANJEET-PC" ignored="0" name="Test" tests="3" failures="0" timestamp="26 Jun 2019 15:37:21 GMT" time="38.544" errors="0">
  <testcase name="UserLoginWithInvalidData" time="2.037" classname="AvactisRegistrationPageTestCases.AvactisSingInTestFlow"/>
  <testcase name="UserLoginWithvalidData" time="6.201" classname="AvactisRegistrationPageTestCases.AvactisSingInTestFlow"/>
  <testcase name="testCaseTwo" time="0.002" classname="AvactisRegistrationPageTestCases.AvactisSingInTestFlow"/>
</testsuite> <!-- Test -->
