<?xml version="1.0" encoding="UTF-8"?>
<!-- Generated by org.testng.reporters.JUnitXMLReporter -->
<testsuite hostname="MANJEET-PC" ignored="0" name="Test" tests="3" failures="0" timestamp="07 Jul 2019 07:21:25 GMT" time="55.007" errors="0">
  <testcase name="UserLoginWithInvalidData" time="2.519" classname="AvactisRegistrationPageTestCases.AvactisSingInTestFlow"/>
  <testcase name="UserLoginWithvalidData" time="6.488" classname="AvactisRegistrationPageTestCases.AvactisSingInTestFlow"/>
  <testcase name="testCaseTwo" time="0.0" classname="AvactisRegistrationPageTestCases.AvactisSingInTestFlow"/>
</testsuite> <!-- Test -->
